{"D:\\shixin\\Big-Monster\\source\\data-structure\\src\\array-queue\\index.ts": {"path":"D:\\shixin\\Big-Monster\\source\\data-structure\\src\\array-queue\\index.ts","statementMap":{"0":{"start":{"line":9,"column":0},"end":{"line":9,"column":null}},"1":{"start":{"line":11,"column":12},"end":{"line":11,"column":29}},"2":{"start":{"line":13,"column":8},"end":{"line":13,"column":27}},"3":{"start":{"line":17,"column":11},"end":{"line":21,"column":null}},"4":{"start":{"line":18,"column":19},"end":{"line":18,"column":32}},"5":{"start":{"line":19,"column":8},"end":{"line":19,"column":42}},"6":{"start":{"line":20,"column":8},"end":{"line":20,"column":null}},"7":{"start":{"line":23,"column":11},"end":{"line":27,"column":null}},"8":{"start":{"line":24,"column":19},"end":{"line":24,"column":33}},"9":{"start":{"line":26,"column":8},"end":{"line":26,"column":47}},"10":{"start":{"line":30,"column":11},"end":{"line":32,"column":null}},"11":{"start":{"line":31,"column":8},"end":{"line":31,"column":49}},"12":{"start":{"line":35,"column":11},"end":{"line":37,"column":null}},"13":{"start":{"line":36,"column":8},"end":{"line":36,"column":38}},"14":{"start":{"line":40,"column":11},"end":{"line":42,"column":null}},"15":{"start":{"line":41,"column":8},"end":{"line":41,"column":32}},"16":{"start":{"line":43,"column":0},"end":{"line":43,"column":null}}},"fnMap":{"0":{"name":"(anonymous_0)","decl":{"start":{"line":9,"column":0},"end":{"line":9,"column":null}},"loc":{"start":{"line":9,"column":0},"end":{"line":43,"column":null}}},"1":{"name":"ArrayQueue","decl":{"start":{"line":12,"column":4},"end":{"line":12,"column":23}},"loc":{"start":{"line":12,"column":34},"end":{"line":14,"column":5}}},"2":{"name":"(anonymous_2)","decl":{"start":{"line":17,"column":4},"end":{"line":17,"column":11}},"loc":{"start":{"line":17,"column":32},"end":{"line":21,"column":5}}},"3":{"name":"(anonymous_3)","decl":{"start":{"line":23,"column":4},"end":{"line":23,"column":11}},"loc":{"start":{"line":23,"column":4},"end":{"line":27,"column":5}}},"4":{"name":"(anonymous_4)","decl":{"start":{"line":30,"column":4},"end":{"line":30,"column":11}},"loc":{"start":{"line":30,"column":4},"end":{"line":32,"column":5}}},"5":{"name":"(anonymous_5)","decl":{"start":{"line":35,"column":4},"end":{"line":35,"column":11}},"loc":{"start":{"line":35,"column":4},"end":{"line":37,"column":5}}},"6":{"name":"(anonymous_6)","decl":{"start":{"line":40,"column":4},"end":{"line":40,"column":11}},"loc":{"start":{"line":40,"column":4},"end":{"line":42,"column":5}}}},"branchMap":{"0":{"loc":{"start":{"line":19,"column":8},"end":{"line":19,"column":13}},"type":"binary-expr","locations":[{"start":{"line":19,"column":8},"end":{"line":19,"column":13}},{"start":{"line":19,"column":17},"end":{"line":19,"column":41}}]},"1":{"loc":{"start":{"line":26,"column":23},"end":{"line":26,"column":38}},"type":"cond-expr","locations":[{"start":{"line":26,"column":23},"end":{"line":26,"column":38}},{"start":{"line":26,"column":41},"end":{"line":26,"column":46}}]}},"s":{"0":1,"1":1,"2":1,"3":1,"4":4,"5":4,"6":4,"7":1,"8":4,"9":4,"10":1,"11":5,"12":1,"13":6,"14":1,"15":1,"16":1},"f":{"0":1,"1":1,"2":4,"3":4,"4":5,"5":6,"6":1},"b":{"0":[4,3],"1":[3,1]}}
,"D:\\shixin\\Big-Monster\\source\\data-structure\\src\\double-linked-list\\index.ts": {"path":"D:\\shixin\\Big-Monster\\source\\data-structure\\src\\double-linked-list\\index.ts","statementMap":{"0":{"start":{"line":1,"column":0},"end":{"line":1,"column":45}},"1":{"start":{"line":10,"column":0},"end":{"line":10,"column":null}},"2":{"start":{"line":11,"column":12},"end":{"line":11,"column":40}},"3":{"start":{"line":12,"column":12},"end":{"line":12,"column":31}},"4":{"start":{"line":15,"column":11},"end":{"line":31,"column":null}},"5":{"start":{"line":16,"column":25},"end":{"line":16,"column":39}},"6":{"start":{"line":17,"column":25},"end":{"line":17,"column":34}},"7":{"start":{"line":18,"column":8},"end":{"line":25,"column":null}},"8":{"start":{"line":20,"column":12},"end":{"line":22,"column":null}},"9":{"start":{"line":21,"column":16},"end":{"line":21,"column":22}},"10":{"start":{"line":24,"column":12},"end":{"line":24,"column":29}},"11":{"start":{"line":27,"column":8},"end":{"line":27,"column":25}},"12":{"start":{"line":28,"column":8},"end":{"line":28,"column":24}},"13":{"start":{"line":29,"column":8},"end":{"line":29,"column":22}},"14":{"start":{"line":30,"column":8},"end":{"line":30,"column":27}},"15":{"start":{"line":34,"column":11},"end":{"line":41,"column":null}},"16":{"start":{"line":34,"column":17},"end":{"line":34,"column":null}},"17":{"start":{"line":35,"column":25},"end":{"line":35,"column":39}},"18":{"start":{"line":36,"column":8},"end":{"line":40,"column":null}},"19":{"start":{"line":37,"column":12},"end":{"line":37,"column":27}},"20":{"start":{"line":39,"column":12},"end":{"line":39,"column":29}},"21":{"start":{"line":43,"column":11},"end":{"line":61,"column":null}},"22":{"start":{"line":44,"column":8},"end":{"line":44,"column":59}},"23":{"start":{"line":44,"column":46},"end":{"line":44,"column":59}},"24":{"start":{"line":45,"column":25},"end":{"line":45,"column":39}},"25":{"start":{"line":47,"column":8},"end":{"line":57,"column":null}},"26":{"start":{"line":48,"column":12},"end":{"line":48,"column":43}},"27":{"start":{"line":49,"column":12},"end":{"line":49,"column":29}},"28":{"start":{"line":50,"column":12},"end":{"line":50,"column":28}},"29":{"start":{"line":52,"column":12},"end":{"line":52,"column":39}},"30":{"start":{"line":53,"column":12},"end":{"line":53,"column":29}},"31":{"start":{"line":54,"column":12},"end":{"line":54,"column":32}},"32":{"start":{"line":55,"column":12},"end":{"line":55,"column":33}},"33":{"start":{"line":56,"column":12},"end":{"line":56,"column":28}},"34":{"start":{"line":58,"column":8},"end":{"line":58,"column":22}},"35":{"start":{"line":59,"column":8},"end":{"line":59,"column":20}},"36":{"start":{"line":63,"column":11},"end":{"line":68,"column":null}},"37":{"start":{"line":64,"column":8},"end":{"line":64,"column":60}},"38":{"start":{"line":64,"column":47},"end":{"line":64,"column":60}},"39":{"start":{"line":65,"column":25},"end":{"line":65,"column":44}},"40":{"start":{"line":66,"column":8},"end":{"line":66,"column":25}},"41":{"start":{"line":67,"column":8},"end":{"line":67,"column":20}},"42":{"start":{"line":70,"column":11},"end":{"line":77,"column":null}},"43":{"start":{"line":71,"column":8},"end":{"line":71,"column":60}},"44":{"start":{"line":71,"column":47},"end":{"line":71,"column":60}},"45":{"start":{"line":72,"column":25},"end":{"line":72,"column":44}},"46":{"start":{"line":73,"column":8},"end":{"line":73,"column":34}},"47":{"start":{"line":74,"column":8},"end":{"line":74,"column":61}},"48":{"start":{"line":74,"column":34},"end":{"line":74,"column":60}},"49":{"start":{"line":75,"column":8},"end":{"line":75,"column":22}},"50":{"start":{"line":76,"column":8},"end":{"line":76,"column":20}},"51":{"start":{"line":79,"column":11},"end":{"line":87,"column":null}},"52":{"start":{"line":80,"column":8},"end":{"line":80,"column":60}},"53":{"start":{"line":80,"column":47},"end":{"line":80,"column":60}},"54":{"start":{"line":81,"column":26},"end":{"line":81,"column":27}},"55":{"start":{"line":82,"column":25},"end":{"line":82,"column":39}},"56":{"start":{"line":83,"column":8},"end":{"line":85,"column":null}},"57":{"start":{"line":84,"column":12},"end":{"line":84,"column":29}},"58":{"start":{"line":86,"column":8},"end":{"line":86,"column":20}},"59":{"start":{"line":89,"column":11},"end":{"line":91,"column":null}},"60":{"start":{"line":90,"column":8},"end":{"line":90,"column":34}},"61":{"start":{"line":93,"column":11},"end":{"line":95,"column":null}},"62":{"start":{"line":94,"column":8},"end":{"line":94,"column":27}},"63":{"start":{"line":97,"column":11},"end":{"line":104,"column":null}},"64":{"start":{"line":98,"column":26},"end":{"line":98,"column":28}},"65":{"start":{"line":99,"column":8},"end":{"line":101,"column":11}},"66":{"start":{"line":100,"column":12},"end":{"line":100,"column":46}},"67":{"start":{"line":102,"column":8},"end":{"line":102,"column":37}},"68":{"start":{"line":103,"column":8},"end":{"line":103,"column":19}},"69":{"start":{"line":105,"column":0},"end":{"line":105,"column":null}}},"fnMap":{"0":{"name":"(anonymous_1)","decl":{"start":{"line":10,"column":0},"end":{"line":10,"column":null}},"loc":{"start":{"line":10,"column":0},"end":{"line":105,"column":null}}},"1":{"name":"(anonymous_3)","decl":{"start":{"line":15,"column":4},"end":{"line":15,"column":11}},"loc":{"start":{"line":15,"column":27},"end":{"line":31,"column":5}}},"2":{"name":"(anonymous_4)","decl":{"start":{"line":34,"column":4},"end":{"line":34,"column":11}},"loc":{"start":{"line":34,"column":57},"end":{"line":41,"column":5}}},"3":{"name":"(anonymous_5)","decl":{"start":{"line":34,"column":17},"end":{"line":34,"column":33}},"loc":{"start":{"line":34,"column":43},"end":{"line":34,"column":57}}},"4":{"name":"(anonymous_6)","decl":{"start":{"line":43,"column":4},"end":{"line":43,"column":11}},"loc":{"start":{"line":43,"column":42},"end":{"line":61,"column":5}}},"5":{"name":"(anonymous_7)","decl":{"start":{"line":63,"column":4},"end":{"line":63,"column":11}},"loc":{"start":{"line":63,"column":42},"end":{"line":68,"column":5}}},"6":{"name":"(anonymous_8)","decl":{"start":{"line":70,"column":4},"end":{"line":70,"column":11}},"loc":{"start":{"line":70,"column":33},"end":{"line":77,"column":5}}},"7":{"name":"(anonymous_9)","decl":{"start":{"line":79,"column":4},"end":{"line":79,"column":11}},"loc":{"start":{"line":79,"column":32},"end":{"line":87,"column":5}}},"8":{"name":"(anonymous_10)","decl":{"start":{"line":89,"column":4},"end":{"line":89,"column":11}},"loc":{"start":{"line":89,"column":4},"end":{"line":91,"column":5}}},"9":{"name":"(anonymous_11)","decl":{"start":{"line":93,"column":4},"end":{"line":93,"column":11}},"loc":{"start":{"line":93,"column":4},"end":{"line":95,"column":5}}},"10":{"name":"(anonymous_12)","decl":{"start":{"line":97,"column":4},"end":{"line":97,"column":11}},"loc":{"start":{"line":97,"column":4},"end":{"line":104,"column":5}}},"11":{"name":"(anonymous_13)","decl":{"start":{"line":99,"column":19},"end":{"line":99,"column":20}},"loc":{"start":{"line":99,"column":30},"end":{"line":101,"column":9}}}},"branchMap":{"0":{"loc":{"start":{"line":20,"column":12},"end":{"line":22,"column":null}},"type":"if","locations":[{"start":{"line":20,"column":12},"end":{"line":22,"column":null}},{"start":{"line":20,"column":12},"end":{"line":22,"column":null}}]},"1":{"loc":{"start":{"line":34,"column":17},"end":{"line":34,"column":null}},"type":"if","locations":[{"start":{"line":34,"column":17},"end":{"line":34,"column":null}},{"start":{"line":34,"column":17},"end":{"line":34,"column":null}}]},"2":{"loc":{"start":{"line":37,"column":12},"end":{"line":37,"column":14}},"type":"binary-expr","locations":[{"start":{"line":37,"column":12},"end":{"line":37,"column":14}},{"start":{"line":37,"column":18},"end":{"line":37,"column":26}}]},"3":{"loc":{"start":{"line":44,"column":8},"end":{"line":44,"column":59}},"type":"if","locations":[{"start":{"line":44,"column":8},"end":{"line":44,"column":59}},{"start":{"line":44,"column":8},"end":{"line":44,"column":59}}]},"4":{"loc":{"start":{"line":44,"column":12},"end":{"line":44,"column":21}},"type":"binary-expr","locations":[{"start":{"line":44,"column":12},"end":{"line":44,"column":21}},{"start":{"line":44,"column":25},"end":{"line":44,"column":44}}]},"5":{"loc":{"start":{"line":47,"column":8},"end":{"line":57,"column":null}},"type":"if","locations":[{"start":{"line":47,"column":8},"end":{"line":57,"column":null}},{"start":{"line":47,"column":8},"end":{"line":57,"column":null}}]},"6":{"loc":{"start":{"line":64,"column":8},"end":{"line":64,"column":60}},"type":"if","locations":[{"start":{"line":64,"column":8},"end":{"line":64,"column":60}},{"start":{"line":64,"column":8},"end":{"line":64,"column":60}}]},"7":{"loc":{"start":{"line":64,"column":12},"end":{"line":64,"column":21}},"type":"binary-expr","locations":[{"start":{"line":64,"column":12},"end":{"line":64,"column":21}},{"start":{"line":64,"column":25},"end":{"line":64,"column":45}}]},"8":{"loc":{"start":{"line":71,"column":8},"end":{"line":71,"column":60}},"type":"if","locations":[{"start":{"line":71,"column":8},"end":{"line":71,"column":60}},{"start":{"line":71,"column":8},"end":{"line":71,"column":60}}]},"9":{"loc":{"start":{"line":71,"column":12},"end":{"line":71,"column":21}},"type":"binary-expr","locations":[{"start":{"line":71,"column":12},"end":{"line":71,"column":21}},{"start":{"line":71,"column":25},"end":{"line":71,"column":45}}]},"10":{"loc":{"start":{"line":74,"column":8},"end":{"line":74,"column":61}},"type":"if","locations":[{"start":{"line":74,"column":8},"end":{"line":74,"column":61}},{"start":{"line":74,"column":8},"end":{"line":74,"column":61}}]},"11":{"loc":{"start":{"line":80,"column":8},"end":{"line":80,"column":60}},"type":"if","locations":[{"start":{"line":80,"column":8},"end":{"line":80,"column":60}},{"start":{"line":80,"column":8},"end":{"line":80,"column":60}}]},"12":{"loc":{"start":{"line":80,"column":12},"end":{"line":80,"column":21}},"type":"binary-expr","locations":[{"start":{"line":80,"column":12},"end":{"line":80,"column":21}},{"start":{"line":80,"column":25},"end":{"line":80,"column":45}}]}},"s":{"0":1,"1":1,"2":1,"3":1,"4":1,"5":4,"6":4,"7":4,"8":15,"9":4,"10":11,"11":4,"12":4,"13":4,"14":4,"15":1,"16":5,"17":4,"18":4,"19":30,"20":30,"21":1,"22":6,"23":1,"24":5,"25":5,"26":2,"27":2,"28":2,"29":3,"30":3,"31":3,"32":3,"33":3,"34":5,"35":5,"36":1,"37":3,"38":2,"39":1,"40":1,"41":1,"42":1,"43":4,"44":2,"45":2,"46":2,"47":2,"48":1,"49":2,"50":2,"51":1,"52":15,"53":2,"54":13,"55":13,"56":13,"57":27,"58":13,"59":1,"60":1,"61":1,"62":2,"63":1,"64":2,"65":2,"66":16,"67":2,"68":2,"69":1},"f":{"0":2,"1":4,"2":4,"3":7,"4":6,"5":3,"6":4,"7":15,"8":1,"9":2,"10":2,"11":16},"b":{"0":[4,11],"1":[1,3],"2":[30,30],"3":[1,5],"4":[6,6],"5":[2,3],"6":[2,1],"7":[3,2],"8":[2,2],"9":[4,3],"10":[1,1],"11":[2,13],"12":[15,14]}}
,"D:\\shixin\\Big-Monster\\source\\data-structure\\src\\double-linked-list-node\\index.ts": {"path":"D:\\shixin\\Big-Monster\\source\\data-structure\\src\\double-linked-list-node\\index.ts","statementMap":{"0":{"start":{"line":9,"column":0},"end":{"line":9,"column":null}},"1":{"start":{"line":14,"column":8},"end":{"line":14,"column":25}},"2":{"start":{"line":15,"column":8},"end":{"line":15,"column":25}},"3":{"start":{"line":16,"column":8},"end":{"line":16,"column":24}},"4":{"start":{"line":18,"column":11},"end":{"line":20,"column":null}},"5":{"start":{"line":19,"column":8},"end":{"line":19,"column":null}},"6":{"start":{"line":21,"column":0},"end":{"line":21,"column":null}}},"fnMap":{"0":{"name":"(anonymous_0)","decl":{"start":{"line":9,"column":0},"end":{"line":9,"column":null}},"loc":{"start":{"line":9,"column":0},"end":{"line":21,"column":null}}},"1":{"name":"Node","decl":{"start":{"line":13,"column":4},"end":{"line":13,"column":23}},"loc":{"start":{"line":13,"column":32},"end":{"line":17,"column":5}}},"2":{"name":"(anonymous_2)","decl":{"start":{"line":18,"column":4},"end":{"line":18,"column":11}},"loc":{"start":{"line":18,"column":4},"end":{"line":20,"column":5}}}},"branchMap":{},"s":{"0":1,"1":10,"2":10,"3":10,"4":1,"5":1,"6":1},"f":{"0":1,"1":10,"2":1},"b":{}}
,"D:\\shixin\\Big-Monster\\source\\data-structure\\src\\single-linked-list\\index.ts": {"path":"D:\\shixin\\Big-Monster\\source\\data-structure\\src\\single-linked-list\\index.ts","statementMap":{"0":{"start":{"line":1,"column":0},"end":{"line":1,"column":45}},"1":{"start":{"line":10,"column":0},"end":{"line":10,"column":null}},"2":{"start":{"line":11,"column":12},"end":{"line":11,"column":40}},"3":{"start":{"line":12,"column":12},"end":{"line":12,"column":31}},"4":{"start":{"line":15,"column":11},"end":{"line":30,"column":null}},"5":{"start":{"line":16,"column":25},"end":{"line":16,"column":39}},"6":{"start":{"line":17,"column":25},"end":{"line":17,"column":34}},"7":{"start":{"line":18,"column":8},"end":{"line":25,"column":null}},"8":{"start":{"line":20,"column":12},"end":{"line":22,"column":null}},"9":{"start":{"line":21,"column":16},"end":{"line":21,"column":22}},"10":{"start":{"line":24,"column":12},"end":{"line":24,"column":29}},"11":{"start":{"line":27,"column":8},"end":{"line":27,"column":25}},"12":{"start":{"line":28,"column":8},"end":{"line":28,"column":22}},"13":{"start":{"line":29,"column":8},"end":{"line":29,"column":27}},"14":{"start":{"line":33,"column":11},"end":{"line":40,"column":null}},"15":{"start":{"line":33,"column":17},"end":{"line":33,"column":null}},"16":{"start":{"line":34,"column":25},"end":{"line":34,"column":39}},"17":{"start":{"line":35,"column":8},"end":{"line":39,"column":null}},"18":{"start":{"line":36,"column":12},"end":{"line":36,"column":27}},"19":{"start":{"line":38,"column":12},"end":{"line":38,"column":29}},"20":{"start":{"line":42,"column":11},"end":{"line":51,"column":null}},"21":{"start":{"line":43,"column":8},"end":{"line":43,"column":59}},"22":{"start":{"line":43,"column":46},"end":{"line":43,"column":59}},"23":{"start":{"line":44,"column":25},"end":{"line":44,"column":39}},"24":{"start":{"line":45,"column":24},"end":{"line":45,"column":46}},"25":{"start":{"line":46,"column":8},"end":{"line":46,"column":29}},"26":{"start":{"line":47,"column":8},"end":{"line":47,"column":24}},"27":{"start":{"line":48,"column":8},"end":{"line":48,"column":22}},"28":{"start":{"line":49,"column":8},"end":{"line":49,"column":20}},"29":{"start":{"line":53,"column":11},"end":{"line":58,"column":null}},"30":{"start":{"line":54,"column":8},"end":{"line":54,"column":60}},"31":{"start":{"line":54,"column":47},"end":{"line":54,"column":60}},"32":{"start":{"line":55,"column":24},"end":{"line":55,"column":46}},"33":{"start":{"line":56,"column":8},"end":{"line":56,"column":29}},"34":{"start":{"line":57,"column":8},"end":{"line":57,"column":20}},"35":{"start":{"line":60,"column":11},"end":{"line":66,"column":null}},"36":{"start":{"line":61,"column":8},"end":{"line":61,"column":60}},"37":{"start":{"line":61,"column":47},"end":{"line":61,"column":60}},"38":{"start":{"line":62,"column":24},"end":{"line":62,"column":46}},"39":{"start":{"line":63,"column":8},"end":{"line":63,"column":33}},"40":{"start":{"line":64,"column":8},"end":{"line":64,"column":22}},"41":{"start":{"line":65,"column":8},"end":{"line":65,"column":20}},"42":{"start":{"line":68,"column":11},"end":{"line":72,"column":null}},"43":{"start":{"line":69,"column":8},"end":{"line":69,"column":60}},"44":{"start":{"line":69,"column":47},"end":{"line":69,"column":60}},"45":{"start":{"line":70,"column":25},"end":{"line":70,"column":47}},"46":{"start":{"line":71,"column":8},"end":{"line":71,"column":25}},"47":{"start":{"line":74,"column":11},"end":{"line":82,"column":null}},"48":{"start":{"line":75,"column":8},"end":{"line":75,"column":59}},"49":{"start":{"line":75,"column":46},"end":{"line":75,"column":59}},"50":{"start":{"line":76,"column":26},"end":{"line":76,"column":27}},"51":{"start":{"line":77,"column":25},"end":{"line":77,"column":34}},"52":{"start":{"line":78,"column":8},"end":{"line":80,"column":null}},"53":{"start":{"line":79,"column":12},"end":{"line":79,"column":29}},"54":{"start":{"line":81,"column":8},"end":{"line":81,"column":20}},"55":{"start":{"line":85,"column":11},"end":{"line":87,"column":null}},"56":{"start":{"line":86,"column":8},"end":{"line":86,"column":34}},"57":{"start":{"line":89,"column":11},"end":{"line":91,"column":null}},"58":{"start":{"line":90,"column":8},"end":{"line":90,"column":27}},"59":{"start":{"line":93,"column":11},"end":{"line":100,"column":null}},"60":{"start":{"line":94,"column":26},"end":{"line":94,"column":28}},"61":{"start":{"line":95,"column":8},"end":{"line":97,"column":11}},"62":{"start":{"line":96,"column":12},"end":{"line":96,"column":46}},"63":{"start":{"line":98,"column":8},"end":{"line":98,"column":37}},"64":{"start":{"line":99,"column":8},"end":{"line":99,"column":19}},"65":{"start":{"line":101,"column":0},"end":{"line":101,"column":null}}},"fnMap":{"0":{"name":"(anonymous_1)","decl":{"start":{"line":10,"column":0},"end":{"line":10,"column":null}},"loc":{"start":{"line":10,"column":0},"end":{"line":101,"column":null}}},"1":{"name":"(anonymous_3)","decl":{"start":{"line":15,"column":4},"end":{"line":15,"column":11}},"loc":{"start":{"line":15,"column":27},"end":{"line":30,"column":5}}},"2":{"name":"(anonymous_4)","decl":{"start":{"line":33,"column":4},"end":{"line":33,"column":11}},"loc":{"start":{"line":33,"column":57},"end":{"line":40,"column":5}}},"3":{"name":"(anonymous_5)","decl":{"start":{"line":33,"column":17},"end":{"line":33,"column":33}},"loc":{"start":{"line":33,"column":43},"end":{"line":33,"column":57}}},"4":{"name":"(anonymous_6)","decl":{"start":{"line":42,"column":4},"end":{"line":42,"column":11}},"loc":{"start":{"line":42,"column":42},"end":{"line":51,"column":5}}},"5":{"name":"(anonymous_7)","decl":{"start":{"line":53,"column":4},"end":{"line":53,"column":11}},"loc":{"start":{"line":53,"column":42},"end":{"line":58,"column":5}}},"6":{"name":"(anonymous_8)","decl":{"start":{"line":60,"column":4},"end":{"line":60,"column":11}},"loc":{"start":{"line":60,"column":33},"end":{"line":66,"column":5}}},"7":{"name":"(anonymous_9)","decl":{"start":{"line":68,"column":4},"end":{"line":68,"column":11}},"loc":{"start":{"line":68,"column":32},"end":{"line":72,"column":5}}},"8":{"name":"(anonymous_10)","decl":{"start":{"line":74,"column":4},"end":{"line":74,"column":11}},"loc":{"start":{"line":74,"column":35},"end":{"line":82,"column":5}}},"9":{"name":"(anonymous_11)","decl":{"start":{"line":85,"column":4},"end":{"line":85,"column":11}},"loc":{"start":{"line":85,"column":4},"end":{"line":87,"column":5}}},"10":{"name":"(anonymous_12)","decl":{"start":{"line":89,"column":4},"end":{"line":89,"column":11}},"loc":{"start":{"line":89,"column":4},"end":{"line":91,"column":5}}},"11":{"name":"(anonymous_13)","decl":{"start":{"line":93,"column":4},"end":{"line":93,"column":11}},"loc":{"start":{"line":93,"column":4},"end":{"line":100,"column":5}}},"12":{"name":"(anonymous_14)","decl":{"start":{"line":95,"column":19},"end":{"line":95,"column":20}},"loc":{"start":{"line":95,"column":30},"end":{"line":97,"column":9}}}},"branchMap":{"0":{"loc":{"start":{"line":20,"column":12},"end":{"line":22,"column":null}},"type":"if","locations":[{"start":{"line":20,"column":12},"end":{"line":22,"column":null}},{"start":{"line":20,"column":12},"end":{"line":22,"column":null}}]},"1":{"loc":{"start":{"line":33,"column":17},"end":{"line":33,"column":null}},"type":"if","locations":[{"start":{"line":33,"column":17},"end":{"line":33,"column":null}},{"start":{"line":33,"column":17},"end":{"line":33,"column":null}}]},"2":{"loc":{"start":{"line":36,"column":12},"end":{"line":36,"column":14}},"type":"binary-expr","locations":[{"start":{"line":36,"column":12},"end":{"line":36,"column":14}},{"start":{"line":36,"column":18},"end":{"line":36,"column":26}}]},"3":{"loc":{"start":{"line":43,"column":8},"end":{"line":43,"column":59}},"type":"if","locations":[{"start":{"line":43,"column":8},"end":{"line":43,"column":59}},{"start":{"line":43,"column":8},"end":{"line":43,"column":59}}]},"4":{"loc":{"start":{"line":43,"column":12},"end":{"line":43,"column":21}},"type":"binary-expr","locations":[{"start":{"line":43,"column":12},"end":{"line":43,"column":21}},{"start":{"line":43,"column":25},"end":{"line":43,"column":44}}]},"5":{"loc":{"start":{"line":54,"column":8},"end":{"line":54,"column":60}},"type":"if","locations":[{"start":{"line":54,"column":8},"end":{"line":54,"column":60}},{"start":{"line":54,"column":8},"end":{"line":54,"column":60}}]},"6":{"loc":{"start":{"line":54,"column":12},"end":{"line":54,"column":21}},"type":"binary-expr","locations":[{"start":{"line":54,"column":12},"end":{"line":54,"column":21}},{"start":{"line":54,"column":25},"end":{"line":54,"column":45}}]},"7":{"loc":{"start":{"line":61,"column":8},"end":{"line":61,"column":60}},"type":"if","locations":[{"start":{"line":61,"column":8},"end":{"line":61,"column":60}},{"start":{"line":61,"column":8},"end":{"line":61,"column":60}}]},"8":{"loc":{"start":{"line":61,"column":12},"end":{"line":61,"column":21}},"type":"binary-expr","locations":[{"start":{"line":61,"column":12},"end":{"line":61,"column":21}},{"start":{"line":61,"column":25},"end":{"line":61,"column":45}}]},"9":{"loc":{"start":{"line":69,"column":8},"end":{"line":69,"column":60}},"type":"if","locations":[{"start":{"line":69,"column":8},"end":{"line":69,"column":60}},{"start":{"line":69,"column":8},"end":{"line":69,"column":60}}]},"10":{"loc":{"start":{"line":69,"column":12},"end":{"line":69,"column":21}},"type":"binary-expr","locations":[{"start":{"line":69,"column":12},"end":{"line":69,"column":21}},{"start":{"line":69,"column":25},"end":{"line":69,"column":45}}]},"11":{"loc":{"start":{"line":75,"column":8},"end":{"line":75,"column":59}},"type":"if","locations":[{"start":{"line":75,"column":8},"end":{"line":75,"column":59}},{"start":{"line":75,"column":8},"end":{"line":75,"column":59}}]},"12":{"loc":{"start":{"line":75,"column":12},"end":{"line":75,"column":21}},"type":"binary-expr","locations":[{"start":{"line":75,"column":12},"end":{"line":75,"column":21}},{"start":{"line":75,"column":25},"end":{"line":75,"column":44}}]}},"s":{"0":1,"1":1,"2":1,"3":1,"4":1,"5":4,"6":4,"7":4,"8":15,"9":4,"10":11,"11":4,"12":4,"13":4,"14":1,"15":4,"16":3,"17":3,"18":21,"19":21,"20":1,"21":6,"22":1,"23":5,"24":5,"25":5,"26":5,"27":5,"28":5,"29":1,"30":3,"31":2,"32":1,"33":1,"34":1,"35":1,"36":4,"37":2,"38":2,"39":2,"40":2,"41":2,"42":1,"43":3,"44":2,"45":1,"46":1,"47":1,"48":13,"49":2,"50":11,"51":11,"52":11,"53":23,"54":11,"55":1,"56":1,"57":1,"58":2,"59":1,"60":1,"61":1,"62":7,"63":1,"64":1,"65":1},"f":{"0":2,"1":4,"2":3,"3":7,"4":6,"5":3,"6":4,"7":3,"8":13,"9":1,"10":2,"11":1,"12":7},"b":{"0":[4,11],"1":[1,2],"2":[21,21],"3":[1,5],"4":[6,6],"5":[2,1],"6":[3,2],"7":[2,2],"8":[4,3],"9":[2,1],"10":[3,2],"11":[2,11],"12":[13,12]}}
,"D:\\shixin\\Big-Monster\\source\\data-structure\\src\\single-linked-list-node\\index.ts": {"path":"D:\\shixin\\Big-Monster\\source\\data-structure\\src\\single-linked-list-node\\index.ts","statementMap":{"0":{"start":{"line":9,"column":0},"end":{"line":9,"column":null}},"1":{"start":{"line":13,"column":8},"end":{"line":13,"column":25}},"2":{"start":{"line":14,"column":8},"end":{"line":14,"column":25}},"3":{"start":{"line":16,"column":11},"end":{"line":18,"column":null}},"4":{"start":{"line":17,"column":8},"end":{"line":17,"column":null}},"5":{"start":{"line":19,"column":0},"end":{"line":19,"column":null}}},"fnMap":{"0":{"name":"(anonymous_0)","decl":{"start":{"line":9,"column":0},"end":{"line":9,"column":null}},"loc":{"start":{"line":9,"column":0},"end":{"line":19,"column":null}}},"1":{"name":"Node","decl":{"start":{"line":12,"column":4},"end":{"line":12,"column":23}},"loc":{"start":{"line":12,"column":32},"end":{"line":15,"column":5}}},"2":{"name":"(anonymous_2)","decl":{"start":{"line":16,"column":4},"end":{"line":16,"column":11}},"loc":{"start":{"line":16,"column":4},"end":{"line":18,"column":5}}}},"branchMap":{},"s":{"0":1,"1":10,"2":10,"3":1,"4":1,"5":1},"f":{"0":1,"1":10,"2":1},"b":{}}
,"D:\\shixin\\Big-Monster\\source\\data-structure\\src\\sparse-array\\index.ts": {"path":"D:\\shixin\\Big-Monster\\source\\data-structure\\src\\sparse-array\\index.ts","statementMap":{"0":{"start":{"line":1,"column":0},"end":{"line":1,"column":45}},"1":{"start":{"line":2,"column":0},"end":{"line":2,"column":46}},"2":{"start":{"line":10,"column":0},"end":{"line":10,"column":null}},"3":{"start":{"line":15,"column":4},"end":{"line":15,"column":23}},"4":{"start":{"line":11,"column":11},"end":{"line":11,"column":33}},"5":{"start":{"line":12,"column":14},"end":{"line":12,"column":36}},"6":{"start":{"line":17,"column":28},"end":{"line":17,"column":53}},"7":{"start":{"line":18,"column":8},"end":{"line":18,"column":63}},"8":{"start":{"line":20,"column":8},"end":{"line":24,"column":11}},"9":{"start":{"line":21,"column":12},"end":{"line":23,"column":null}},"10":{"start":{"line":22,"column":16},"end":{"line":22,"column":57}},"11":{"start":{"line":25,"column":8},"end":{"line":25,"column":null}},"12":{"start":{"line":28,"column":11},"end":{"line":36,"column":null}},"13":{"start":{"line":29,"column":38},"end":{"line":29,"column":52}},"14":{"start":{"line":30,"column":38},"end":{"line":30,"column":52}},"15":{"start":{"line":31,"column":40},"end":{"line":31,"column":95}},"16":{"start":{"line":32,"column":8},"end":{"line":34,"column":null}},"17":{"start":{"line":32,"column":21},"end":{"line":32,"column":22}},"18":{"start":{"line":33,"column":12},"end":{"line":33,"column":76}},"19":{"start":{"line":35,"column":8},"end":{"line":35,"column":33}},"20":{"start":{"line":38,"column":11},"end":{"line":40,"column":null}},"21":{"start":{"line":39,"column":8},"end":{"line":39,"column":35}},"22":{"start":{"line":41,"column":0},"end":{"line":41,"column":null}}},"fnMap":{"0":{"name":"(anonymous_1)","decl":{"start":{"line":10,"column":0},"end":{"line":10,"column":null}},"loc":{"start":{"line":10,"column":0},"end":{"line":41,"column":null}}},"1":{"name":"SparseArray","decl":{"start":{"line":15,"column":4},"end":{"line":15,"column":23}},"loc":{"start":{"line":15,"column":47},"end":{"line":26,"column":5}}},"2":{"name":"(anonymous_3)","decl":{"start":{"line":20,"column":22},"end":{"line":20,"column":23}},"loc":{"start":{"line":20,"column":67},"end":{"line":24,"column":9}}},"3":{"name":"(anonymous_4)","decl":{"start":{"line":28,"column":4},"end":{"line":28,"column":11}},"loc":{"start":{"line":28,"column":4},"end":{"line":36,"column":5}}},"4":{"name":"(anonymous_5)","decl":{"start":{"line":38,"column":4},"end":{"line":38,"column":11}},"loc":{"start":{"line":38,"column":4},"end":{"line":40,"column":5}}}},"branchMap":{"0":{"loc":{"start":{"line":21,"column":12},"end":{"line":23,"column":null}},"type":"if","locations":[{"start":{"line":21,"column":12},"end":{"line":23,"column":null}},{"start":{"line":21,"column":12},"end":{"line":23,"column":null}}]},"1":{"loc":{"start":{"line":21,"column":16},"end":{"line":21,"column":25}},"type":"binary-expr","locations":[{"start":{"line":21,"column":16},"end":{"line":21,"column":25}},{"start":{"line":21,"column":29},"end":{"line":21,"column":46}},{"start":{"line":21,"column":50},"end":{"line":21,"column":62}}]}},"s":{"0":1,"1":1,"2":1,"3":1,"4":1,"5":1,"6":1,"7":1,"8":1,"9":100,"10":3,"11":1,"12":1,"13":1,"14":1,"15":1,"16":1,"17":1,"18":3,"19":1,"20":1,"21":1,"22":1},"f":{"0":1,"1":1,"2":100,"3":1,"4":1},"b":{"0":[3,97],"1":[100,3,3]}}
,"D:\\shixin\\Big-Monster\\source\\data-structure\\src\\two-array\\index.ts": {"path":"D:\\shixin\\Big-Monster\\source\\data-structure\\src\\two-array\\index.ts","statementMap":{"0":{"start":{"line":1,"column":0},"end":{"line":1,"column":45}},"1":{"start":{"line":10,"column":0},"end":{"line":10,"column":null}},"2":{"start":{"line":16,"column":23},"end":{"line":16,"column":43}},"3":{"start":{"line":16,"column":43},"end":{"line":16,"column":63}},"4":{"start":{"line":16,"column":63},"end":{"line":16,"column":null}},"5":{"start":{"line":14,"column":12},"end":{"line":14,"column":28}},"6":{"start":{"line":17,"column":8},"end":{"line":17,"column":32}},"7":{"start":{"line":18,"column":8},"end":{"line":18,"column":32}},"8":{"start":{"line":19,"column":8},"end":{"line":19,"column":37}},"9":{"start":{"line":20,"column":31},"end":{"line":20,"column":33}},"10":{"start":{"line":21,"column":8},"end":{"line":21,"column":41}},"11":{"start":{"line":22,"column":8},"end":{"line":22,"column":42}},"12":{"start":{"line":23,"column":8},"end":{"line":25,"column":null}},"13":{"start":{"line":23,"column":21},"end":{"line":23,"column":22}},"14":{"start":{"line":24,"column":12},"end":{"line":24,"column":43}},"15":{"start":{"line":26,"column":8},"end":{"line":28,"column":null}},"16":{"start":{"line":26,"column":21},"end":{"line":26,"column":22}},"17":{"start":{"line":27,"column":12},"end":{"line":27,"column":41}},"18":{"start":{"line":32,"column":11},"end":{"line":38,"column":null}},"19":{"start":{"line":32,"column":19},"end":{"line":32,"column":null}},"20":{"start":{"line":33,"column":8},"end":{"line":37,"column":null}},"21":{"start":{"line":33,"column":21},"end":{"line":33,"column":22}},"22":{"start":{"line":34,"column":12},"end":{"line":36,"column":null}},"23":{"start":{"line":34,"column":25},"end":{"line":34,"column":26}},"24":{"start":{"line":35,"column":16},"end":{"line":35,"column":47}},"25":{"start":{"line":41,"column":11},"end":{"line":47,"column":null}},"26":{"start":{"line":41,"column":24},"end":{"line":41,"column":null}},"27":{"start":{"line":41,"column":80},"end":{"line":41,"column":null}},"28":{"start":{"line":42,"column":8},"end":{"line":46,"column":null}},"29":{"start":{"line":42,"column":21},"end":{"line":42,"column":22}},"30":{"start":{"line":43,"column":12},"end":{"line":45,"column":null}},"31":{"start":{"line":43,"column":25},"end":{"line":43,"column":26}},"32":{"start":{"line":44,"column":16},"end":{"line":44,"column":84}},"33":{"start":{"line":50,"column":11},"end":{"line":52,"column":null}},"34":{"start":{"line":51,"column":8},"end":{"line":51,"column":35}},"35":{"start":{"line":55,"column":11},"end":{"line":57,"column":null}},"36":{"start":{"line":56,"column":8},"end":{"line":56,"column":44}},"37":{"start":{"line":60,"column":11},"end":{"line":70,"column":null}},"38":{"start":{"line":61,"column":8},"end":{"line":69,"column":null}},"39":{"start":{"line":62,"column":12},"end":{"line":66,"column":null}},"40":{"start":{"line":62,"column":25},"end":{"line":62,"column":26}},"41":{"start":{"line":63,"column":16},"end":{"line":65,"column":null}},"42":{"start":{"line":63,"column":29},"end":{"line":63,"column":30}},"43":{"start":{"line":64,"column":20},"end":{"line":64,"column":43}},"44":{"start":{"line":67,"column":15},"end":{"line":69,"column":null}},"45":{"start":{"line":68,"column":12},"end":{"line":68,"column":49}},"46":{"start":{"line":73,"column":4},"end":{"line":81,"column":null}},"47":{"start":{"line":74,"column":20},"end":{"line":74,"column":21}},"48":{"start":{"line":75,"column":8},"end":{"line":79,"column":11}},"49":{"start":{"line":76,"column":12},"end":{"line":78,"column":null}},"50":{"start":{"line":77,"column":16},"end":{"line":77,"column":null}},"51":{"start":{"line":80,"column":8},"end":{"line":80,"column":21}},"52":{"start":{"line":82,"column":0},"end":{"line":82,"column":null}}},"fnMap":{"0":{"name":"(anonymous_1)","decl":{"start":{"line":10,"column":0},"end":{"line":10,"column":null}},"loc":{"start":{"line":10,"column":0},"end":{"line":82,"column":null}}},"1":{"name":"TwoDimensionArray","decl":{"start":{"line":16,"column":4},"end":{"line":16,"column":23}},"loc":{"start":{"line":16,"column":85},"end":{"line":29,"column":5}}},"2":{"name":"(anonymous_3)","decl":{"start":{"line":32,"column":4},"end":{"line":32,"column":11}},"loc":{"start":{"line":32,"column":79},"end":{"line":38,"column":5}}},"3":{"name":"(anonymous_4)","decl":{"start":{"line":32,"column":19},"end":{"line":32,"column":35}},"loc":{"start":{"line":32,"column":65},"end":{"line":32,"column":79}}},"4":{"name":"(anonymous_5)","decl":{"start":{"line":41,"column":4},"end":{"line":41,"column":11}},"loc":{"start":{"line":41,"column":83},"end":{"line":47,"column":5}}},"5":{"name":"(anonymous_6)","decl":{"start":{"line":41,"column":24},"end":{"line":41,"column":40}},"loc":{"start":{"line":41,"column":70},"end":{"line":41,"column":83}}},"6":{"name":"(anonymous_7)","decl":{"start":{"line":50,"column":4},"end":{"line":50,"column":11}},"loc":{"start":{"line":50,"column":4},"end":{"line":52,"column":5}}},"7":{"name":"(anonymous_8)","decl":{"start":{"line":55,"column":4},"end":{"line":55,"column":11}},"loc":{"start":{"line":55,"column":54},"end":{"line":57,"column":5}}},"8":{"name":"(anonymous_9)","decl":{"start":{"line":60,"column":4},"end":{"line":60,"column":11}},"loc":{"start":{"line":60,"column":68},"end":{"line":70,"column":5}}},"9":{"name":"(anonymous_10)","decl":{"start":{"line":73,"column":4},"end":{"line":73,"column":21}},"loc":{"start":{"line":73,"column":4},"end":{"line":81,"column":5}}},"10":{"name":"(anonymous_11)","decl":{"start":{"line":75,"column":21},"end":{"line":75,"column":22}},"loc":{"start":{"line":75,"column":30},"end":{"line":79,"column":9}}}},"branchMap":{"0":{"loc":{"start":{"line":16,"column":23},"end":{"line":16,"column":43}},"type":"if","locations":[{"start":{"line":16,"column":23},"end":{"line":16,"column":43}},{"start":{"line":16,"column":23},"end":{"line":16,"column":43}}]},"1":{"loc":{"start":{"line":16,"column":43},"end":{"line":16,"column":63}},"type":"if","locations":[{"start":{"line":16,"column":43},"end":{"line":16,"column":63}},{"start":{"line":16,"column":43},"end":{"line":16,"column":63}}]},"2":{"loc":{"start":{"line":16,"column":63},"end":{"line":16,"column":null}},"type":"if","locations":[{"start":{"line":16,"column":63},"end":{"line":16,"column":null}},{"start":{"line":16,"column":63},"end":{"line":16,"column":null}}]},"3":{"loc":{"start":{"line":32,"column":19},"end":{"line":32,"column":null}},"type":"if","locations":[{"start":{"line":32,"column":19},"end":{"line":32,"column":null}},{"start":{"line":32,"column":19},"end":{"line":32,"column":null}}]},"4":{"loc":{"start":{"line":35,"column":16},"end":{"line":35,"column":18}},"type":"binary-expr","locations":[{"start":{"line":35,"column":16},"end":{"line":35,"column":18}},{"start":{"line":35,"column":22},"end":{"line":35,"column":46}}]},"5":{"loc":{"start":{"line":41,"column":24},"end":{"line":41,"column":null}},"type":"if","locations":[{"start":{"line":41,"column":24},"end":{"line":41,"column":null}},{"start":{"line":41,"column":24},"end":{"line":41,"column":null}}]},"6":{"loc":{"start":{"line":44,"column":34},"end":{"line":44,"column":36}},"type":"binary-expr","locations":[{"start":{"line":44,"column":34},"end":{"line":44,"column":36}},{"start":{"line":44,"column":40},"end":{"line":44,"column":64}},{"start":{"line":44,"column":69},"end":{"line":44,"column":83}}]},"7":{"loc":{"start":{"line":61,"column":8},"end":{"line":69,"column":null}},"type":"if","locations":[{"start":{"line":61,"column":8},"end":{"line":69,"column":null}},{"start":{"line":61,"column":8},"end":{"line":69,"column":null}}]},"8":{"loc":{"start":{"line":61,"column":12},"end":{"line":61,"column":34}},"type":"binary-expr","locations":[{"start":{"line":61,"column":12},"end":{"line":61,"column":34}},{"start":{"line":61,"column":38},"end":{"line":61,"column":60}}]},"9":{"loc":{"start":{"line":67,"column":15},"end":{"line":69,"column":null}},"type":"if","locations":[{"start":{"line":67,"column":15},"end":{"line":69,"column":null}},{"start":{"line":67,"column":15},"end":{"line":69,"column":null}}]},"10":{"loc":{"start":{"line":67,"column":19},"end":{"line":67,"column":44}},"type":"binary-expr","locations":[{"start":{"line":67,"column":19},"end":{"line":67,"column":44}},{"start":{"line":67,"column":48},"end":{"line":67,"column":73}}]},"11":{"loc":{"start":{"line":76,"column":12},"end":{"line":78,"column":null}},"type":"if","locations":[{"start":{"line":76,"column":12},"end":{"line":78,"column":null}},{"start":{"line":76,"column":12},"end":{"line":78,"column":null}}]},"12":{"loc":{"start":{"line":76,"column":16},"end":{"line":76,"column":25}},"type":"binary-expr","locations":[{"start":{"line":76,"column":16},"end":{"line":76,"column":25}},{"start":{"line":76,"column":29},"end":{"line":76,"column":46}},{"start":{"line":76,"column":50},"end":{"line":76,"column":62}}]}},"s":{"0":2,"1":2,"2":3,"3":3,"4":5,"5":3,"6":3,"7":3,"8":3,"9":3,"10":3,"11":3,"12":3,"13":3,"14":30,"15":3,"16":3,"17":30,"18":2,"19":8,"20":8,"21":8,"22":80,"23":80,"24":800,"25":2,"26":1,"27":0,"28":1,"29":1,"30":10,"31":10,"32":100,"33":2,"34":2,"35":2,"36":301,"37":2,"38":9,"39":2,"40":2,"41":20,"42":20,"43":200,"44":7,"45":7,"46":2,"47":2,"48":2,"49":200,"50":6,"51":2,"52":2},"f":{"0":2,"1":3,"2":8,"3":0,"4":1,"5":0,"6":2,"7":301,"8":9,"9":2,"10":200},"b":{"0":[0,3],"1":[0,3],"2":[2,1],"3":[0,8],"4":[800,800],"5":[0,1],"6":[100,100,0],"7":[2,7],"8":[9,7],"9":[7,0],"10":[7,7],"11":[6,194],"12":[200,6,6]}}
,"D:\\shixin\\Big-Monster\\source\\data-structure\\utils\\tools.ts": {"path":"D:\\shixin\\Big-Monster\\source\\data-structure\\utils\\tools.ts","statementMap":{"0":{"start":{"line":10,"column":39},"end":{"line":10,"column":null}},"1":{"start":{"line":11,"column":15},"end":{"line":11,"column":19}},"2":{"start":{"line":12,"column":16},"end":{"line":12,"column":41}},"3":{"start":{"line":13,"column":21},"end":{"line":13,"column":39}},"4":{"start":{"line":15,"column":4},"end":{"line":42,"column":null}},"5":{"start":{"line":16,"column":8},"end":{"line":20,"column":null}},"6":{"start":{"line":17,"column":12},"end":{"line":17,"column":33}},"7":{"start":{"line":18,"column":15},"end":{"line":20,"column":null}},"8":{"start":{"line":19,"column":12},"end":{"line":19,"column":33}},"9":{"start":{"line":21,"column":8},"end":{"line":39,"column":null}},"10":{"start":{"line":22,"column":12},"end":{"line":38,"column":null}},"11":{"start":{"line":23,"column":26},"end":{"line":23,"column":37}},"12":{"start":{"line":24,"column":16},"end":{"line":37,"column":null}},"13":{"start":{"line":25,"column":31},"end":{"line":25,"column":46}},"14":{"start":{"line":26,"column":20},"end":{"line":33,"column":null}},"15":{"start":{"line":27,"column":24},"end":{"line":27,"column":39}},"16":{"start":{"line":28,"column":27},"end":{"line":33,"column":null}},"17":{"start":{"line":29,"column":24},"end":{"line":29,"column":39}},"18":{"start":{"line":31,"column":24},"end":{"line":31,"column":40}},"19":{"start":{"line":32,"column":24},"end":{"line":32,"column":33}},"20":{"start":{"line":34,"column":20},"end":{"line":34,"column":46}},"21":{"start":{"line":36,"column":20},"end":{"line":36,"column":36}},"22":{"start":{"line":41,"column":8},"end":{"line":41,"column":22}},"23":{"start":{"line":43,"column":4},"end":{"line":43,"column":16}},"24":{"start":{"line":10,"column":0},"end":{"line":10,"column":16}}},"fnMap":{"0":{"name":"deepClone","decl":{"start":{"line":10,"column":16},"end":{"line":10,"column":25}},"loc":{"start":{"line":10,"column":58},"end":{"line":44,"column":1}}}},"branchMap":{"0":{"loc":{"start":{"line":10,"column":39},"end":{"line":10,"column":null}},"type":"if","locations":[{"start":{"line":10,"column":39},"end":{"line":10,"column":null}},{"start":{"line":10,"column":39},"end":{"line":10,"column":null}}]},"1":{"loc":{"start":{"line":15,"column":4},"end":{"line":42,"column":null}},"type":"if","locations":[{"start":{"line":15,"column":4},"end":{"line":42,"column":null}},{"start":{"line":15,"column":4},"end":{"line":42,"column":null}}]},"2":{"loc":{"start":{"line":15,"column":8},"end":{"line":15,"column":36}},"type":"binary-expr","locations":[{"start":{"line":15,"column":8},"end":{"line":15,"column":36}},{"start":{"line":15,"column":40},"end":{"line":15,"column":55}}]},"3":{"loc":{"start":{"line":16,"column":8},"end":{"line":20,"column":null}},"type":"if","locations":[{"start":{"line":16,"column":8},"end":{"line":20,"column":null}},{"start":{"line":16,"column":8},"end":{"line":20,"column":null}}]},"4":{"loc":{"start":{"line":17,"column":19},"end":{"line":17,"column":26}},"type":"binary-expr","locations":[{"start":{"line":17,"column":19},"end":{"line":17,"column":26}},{"start":{"line":17,"column":30},"end":{"line":17,"column":32}}]},"5":{"loc":{"start":{"line":18,"column":15},"end":{"line":20,"column":null}},"type":"if","locations":[{"start":{"line":18,"column":15},"end":{"line":20,"column":null}},{"start":{"line":18,"column":15},"end":{"line":20,"column":null}}]},"6":{"loc":{"start":{"line":19,"column":19},"end":{"line":19,"column":26}},"type":"binary-expr","locations":[{"start":{"line":19,"column":19},"end":{"line":19,"column":26}},{"start":{"line":19,"column":30},"end":{"line":19,"column":32}}]},"7":{"loc":{"start":{"line":22,"column":12},"end":{"line":38,"column":null}},"type":"if","locations":[{"start":{"line":22,"column":12},"end":{"line":38,"column":null}},{"start":{"line":22,"column":12},"end":{"line":38,"column":null}}]},"8":{"loc":{"start":{"line":24,"column":16},"end":{"line":37,"column":null}},"type":"if","locations":[{"start":{"line":24,"column":16},"end":{"line":37,"column":null}},{"start":{"line":24,"column":16},"end":{"line":37,"column":null}}]},"9":{"loc":{"start":{"line":24,"column":20},"end":{"line":24,"column":45}},"type":"binary-expr","locations":[{"start":{"line":24,"column":20},"end":{"line":24,"column":45}},{"start":{"line":24,"column":49},"end":{"line":24,"column":61}}]},"10":{"loc":{"start":{"line":26,"column":20},"end":{"line":33,"column":null}},"type":"if","locations":[{"start":{"line":26,"column":20},"end":{"line":33,"column":null}},{"start":{"line":26,"column":20},"end":{"line":33,"column":null}}]},"11":{"loc":{"start":{"line":28,"column":27},"end":{"line":33,"column":null}},"type":"if","locations":[{"start":{"line":28,"column":27},"end":{"line":33,"column":null}},{"start":{"line":28,"column":27},"end":{"line":33,"column":null}}]}},"s":{"0":46,"1":37,"2":37,"3":37,"4":37,"5":34,"6":32,"7":2,"8":2,"9":34,"10":253,"11":253,"12":253,"13":28,"14":28,"15":27,"16":1,"17":1,"18":0,"19":0,"20":28,"21":225,"22":3,"23":37,"24":3},"f":{"0":37},"b":{"0":[9,28],"1":[34,3],"2":[37,34],"3":[32,2],"4":[32,5],"5":[2,0],"6":[2,1],"7":[253,0],"8":[28,225],"9":[253,28],"10":[27,1],"11":[1,0]}}
}
