{"D:\\shixin\\Big-Monster\\source\\data-structure\\src\\sparse-array\\index.ts": {"path":"D:\\shixin\\Big-Monster\\source\\data-structure\\src\\sparse-array\\index.ts","statementMap":{"0":{"start":{"line":1,"column":0},"end":{"line":1,"column":null}},"1":{"start":{"line":4,"column":8},"end":{"line":4,"column":36}},"2":{"start":{"line":6,"column":11},"end":{"line":13,"column":null}},"3":{"start":{"line":7,"column":19},"end":{"line":7,"column":34}},"4":{"start":{"line":8,"column":8},"end":{"line":12,"column":null}},"5":{"start":{"line":8,"column":21},"end":{"line":8,"column":22}},"6":{"start":{"line":9,"column":12},"end":{"line":11,"column":null}},"7":{"start":{"line":9,"column":25},"end":{"line":9,"column":26}},"8":{"start":{"line":9,"column":35},"end":{"line":9,"column":53}},"9":{"start":{"line":10,"column":16},"end":{"line":10,"column":null}},"10":{"start":{"line":14,"column":0},"end":{"line":14,"column":null}}},"fnMap":{"0":{"name":"(anonymous_0)","decl":{"start":{"line":1,"column":0},"end":{"line":1,"column":null}},"loc":{"start":{"line":1,"column":0},"end":{"line":14,"column":null}}},"1":{"name":"SparseArr","decl":{"start":{"line":3,"column":4},"end":{"line":3,"column":null}},"loc":{"start":{"line":3,"column":4},"end":{"line":5,"column":5}}},"2":{"name":"(anonymous_2)","decl":{"start":{"line":6,"column":4},"end":{"line":6,"column":11}},"loc":{"start":{"line":6,"column":4},"end":{"line":13,"column":5}}}},"branchMap":{},"s":{"0":1,"1":1,"2":1,"3":1,"4":1,"5":1,"6":2,"7":2,"8":2,"9":4,"10":1},"f":{"0":1,"1":1,"2":1},"b":{}}
,"D:\\shixin\\Big-Monster\\source\\data-structure\\src\\two-array\\index.ts": {"path":"D:\\shixin\\Big-Monster\\source\\data-structure\\src\\two-array\\index.ts","statementMap":{"0":{"start":{"line":1,"column":0},"end":{"line":1,"column":50}},"1":{"start":{"line":2,"column":0},"end":{"line":2,"column":null}},"2":{"start":{"line":7,"column":23},"end":{"line":7,"column":43}},"3":{"start":{"line":7,"column":43},"end":{"line":7,"column":63}},"4":{"start":{"line":7,"column":63},"end":{"line":7,"column":null}},"5":{"start":{"line":6,"column":12},"end":{"line":6,"column":28}},"6":{"start":{"line":8,"column":8},"end":{"line":8,"column":32}},"7":{"start":{"line":9,"column":8},"end":{"line":9,"column":32}},"8":{"start":{"line":10,"column":8},"end":{"line":10,"column":37}},"9":{"start":{"line":11,"column":45},"end":{"line":11,"column":47}},"10":{"start":{"line":12,"column":8},"end":{"line":12,"column":41}},"11":{"start":{"line":13,"column":8},"end":{"line":13,"column":42}},"12":{"start":{"line":14,"column":8},"end":{"line":16,"column":null}},"13":{"start":{"line":14,"column":21},"end":{"line":14,"column":22}},"14":{"start":{"line":15,"column":12},"end":{"line":15,"column":43}},"15":{"start":{"line":17,"column":8},"end":{"line":19,"column":null}},"16":{"start":{"line":17,"column":21},"end":{"line":17,"column":22}},"17":{"start":{"line":18,"column":12},"end":{"line":18,"column":41}},"18":{"start":{"line":22,"column":11},"end":{"line":28,"column":null}},"19":{"start":{"line":22,"column":4},"end":{"line":22,"column":11}},"20":{"start":{"line":22,"column":21},"end":{"line":22,"column":null}},"21":{"start":{"line":22,"column":59},"end":{"line":22,"column":83}},"22":{"start":{"line":22,"column":83},"end":{"line":22,"column":null}},"23":{"start":{"line":23,"column":8},"end":{"line":27,"column":null}},"24":{"start":{"line":23,"column":21},"end":{"line":23,"column":22}},"25":{"start":{"line":24,"column":12},"end":{"line":26,"column":null}},"26":{"start":{"line":24,"column":25},"end":{"line":24,"column":26}},"27":{"start":{"line":25,"column":16},"end":{"line":25,"column":48}},"28":{"start":{"line":30,"column":11},"end":{"line":32,"column":null}},"29":{"start":{"line":31,"column":8},"end":{"line":31,"column":40}},"30":{"start":{"line":34,"column":11},"end":{"line":36,"column":null}},"31":{"start":{"line":35,"column":8},"end":{"line":35,"column":44}},"32":{"start":{"line":38,"column":11},"end":{"line":40,"column":null}},"33":{"start":{"line":39,"column":8},"end":{"line":39,"column":null}},"34":{"start":{"line":41,"column":0},"end":{"line":41,"column":null}}},"fnMap":{"0":{"name":"(anonymous_1)","decl":{"start":{"line":2,"column":0},"end":{"line":2,"column":null}},"loc":{"start":{"line":2,"column":0},"end":{"line":41,"column":null}}},"1":{"name":"TwoDimensionArray","decl":{"start":{"line":7,"column":4},"end":{"line":7,"column":23}},"loc":{"start":{"line":7,"column":85},"end":{"line":20,"column":5}}},"2":{"name":"(anonymous_3)","decl":{"start":{"line":22,"column":4},"end":{"line":22,"column":11}},"loc":{"start":{"line":22,"column":92},"end":{"line":28,"column":5}}},"3":{"name":"(anonymous_4)","decl":{"start":{"line":22,"column":21},"end":{"line":22,"column":37}},"loc":{"start":{"line":22,"column":78},"end":{"line":22,"column":86}}},"4":{"name":"(anonymous_5)","decl":{"start":{"line":30,"column":4},"end":{"line":30,"column":11}},"loc":{"start":{"line":30,"column":4},"end":{"line":32,"column":5}}},"5":{"name":"(anonymous_6)","decl":{"start":{"line":34,"column":4},"end":{"line":34,"column":11}},"loc":{"start":{"line":34,"column":54},"end":{"line":36,"column":5}}},"6":{"name":"(anonymous_7)","decl":{"start":{"line":38,"column":4},"end":{"line":38,"column":11}},"loc":{"start":{"line":38,"column":78},"end":{"line":40,"column":5}}}},"branchMap":{"0":{"loc":{"start":{"line":7,"column":23},"end":{"line":7,"column":43}},"type":"if","locations":[{"start":{"line":7,"column":23},"end":{"line":7,"column":43}},{"start":{"line":7,"column":23},"end":{"line":7,"column":43}}]},"1":{"loc":{"start":{"line":7,"column":43},"end":{"line":7,"column":63}},"type":"if","locations":[{"start":{"line":7,"column":43},"end":{"line":7,"column":63}},{"start":{"line":7,"column":43},"end":{"line":7,"column":63}}]},"2":{"loc":{"start":{"line":7,"column":63},"end":{"line":7,"column":null}},"type":"if","locations":[{"start":{"line":7,"column":63},"end":{"line":7,"column":null}},{"start":{"line":7,"column":63},"end":{"line":7,"column":null}}]},"3":{"loc":{"start":{"line":22,"column":21},"end":{"line":22,"column":null}},"type":"if","locations":[{"start":{"line":22,"column":21},"end":{"line":22,"column":null}},{"start":{"line":22,"column":21},"end":{"line":22,"column":null}}]},"4":{"loc":{"start":{"line":22,"column":59},"end":{"line":22,"column":83}},"type":"if","locations":[{"start":{"line":22,"column":59},"end":{"line":22,"column":83}},{"start":{"line":22,"column":59},"end":{"line":22,"column":83}}]},"5":{"loc":{"start":{"line":25,"column":33},"end":{"line":25,"column":35}},"type":"binary-expr","locations":[{"start":{"line":25,"column":33},"end":{"line":25,"column":35}},{"start":{"line":25,"column":39},"end":{"line":25,"column":47}}]}},"s":{"0":1,"1":1,"2":1,"3":1,"4":1,"5":1,"6":1,"7":1,"8":1,"9":1,"10":1,"11":1,"12":1,"13":1,"14":10,"15":1,"16":1,"17":10,"18":1,"19":1,"20":1,"21":0,"22":0,"23":1,"24":1,"25":10,"26":10,"27":100,"28":1,"29":1,"30":1,"31":0,"32":1,"33":0,"34":1},"f":{"0":1,"1":1,"2":1,"3":0,"4":1,"5":0,"6":0},"b":{"0":[0,1],"1":[0,1],"2":[0,1],"3":[0,1],"4":[0,0],"5":[100,100]}}
,"D:\\shixin\\Big-Monster\\source\\data-structure\\utils\\tools.ts": {"path":"D:\\shixin\\Big-Monster\\source\\data-structure\\utils\\tools.ts","statementMap":{"0":{"start":{"line":10,"column":45},"end":{"line":10,"column":null}},"1":{"start":{"line":11,"column":16},"end":{"line":11,"column":41}},"2":{"start":{"line":12,"column":4},"end":{"line":30,"column":null}},"3":{"start":{"line":13,"column":8},"end":{"line":29,"column":null}},"4":{"start":{"line":14,"column":22},"end":{"line":14,"column":33}},"5":{"start":{"line":15,"column":12},"end":{"line":28,"column":null}},"6":{"start":{"line":16,"column":27},"end":{"line":16,"column":42}},"7":{"start":{"line":17,"column":16},"end":{"line":24,"column":null}},"8":{"start":{"line":18,"column":20},"end":{"line":18,"column":39}},"9":{"start":{"line":19,"column":22},"end":{"line":24,"column":null}},"10":{"start":{"line":20,"column":20},"end":{"line":20,"column":39}},"11":{"start":{"line":22,"column":20},"end":{"line":22,"column":39}},"12":{"start":{"line":23,"column":20},"end":{"line":23,"column":29}},"13":{"start":{"line":25,"column":16},"end":{"line":25,"column":49}},"14":{"start":{"line":27,"column":16},"end":{"line":27,"column":35}},"15":{"start":{"line":31,"column":4},"end":{"line":31,"column":19}},"16":{"start":{"line":10,"column":0},"end":{"line":10,"column":17}}},"fnMap":{"0":{"name":"arrayDeepClone","decl":{"start":{"line":10,"column":17},"end":{"line":10,"column":31}},"loc":{"start":{"line":10,"column":63},"end":{"line":32,"column":1}}}},"branchMap":{"0":{"loc":{"start":{"line":10,"column":45},"end":{"line":10,"column":null}},"type":"if","locations":[{"start":{"line":10,"column":45},"end":{"line":10,"column":null}},{"start":{"line":10,"column":45},"end":{"line":10,"column":null}}]},"1":{"loc":{"start":{"line":13,"column":8},"end":{"line":29,"column":null}},"type":"if","locations":[{"start":{"line":13,"column":8},"end":{"line":29,"column":null}},{"start":{"line":13,"column":8},"end":{"line":29,"column":null}}]},"2":{"loc":{"start":{"line":15,"column":12},"end":{"line":28,"column":null}},"type":"if","locations":[{"start":{"line":15,"column":12},"end":{"line":28,"column":null}},{"start":{"line":15,"column":12},"end":{"line":28,"column":null}}]},"3":{"loc":{"start":{"line":15,"column":15},"end":{"line":15,"column":39}},"type":"binary-expr","locations":[{"start":{"line":15,"column":15},"end":{"line":15,"column":39}},{"start":{"line":15,"column":43},"end":{"line":15,"column":55}}]},"4":{"loc":{"start":{"line":17,"column":16},"end":{"line":24,"column":null}},"type":"if","locations":[{"start":{"line":17,"column":16},"end":{"line":24,"column":null}},{"start":{"line":17,"column":16},"end":{"line":24,"column":null}}]},"5":{"loc":{"start":{"line":19,"column":22},"end":{"line":24,"column":null}},"type":"if","locations":[{"start":{"line":19,"column":22},"end":{"line":24,"column":null}},{"start":{"line":19,"column":22},"end":{"line":24,"column":null}}]}},"s":{"0":12,"1":11,"2":11,"3":110,"4":110,"5":110,"6":10,"7":10,"8":10,"9":0,"10":0,"11":0,"12":0,"13":10,"14":100,"15":11,"16":1},"f":{"0":11},"b":{"0":[1,10],"1":[110,0],"2":[10,100],"3":[110,10],"4":[10,0],"5":[0,0]}}
}
