TN:
SF:D:\shixin\Big-Monster\source\data-structure\src\sparse-array\index.ts
FN:1,(anonymous_0)
FN:3,SparseArr
FN:6,(anonymous_2)
FNF:3
FNH:3
FNDA:1,(anonymous_0)
FNDA:1,SparseArr
FNDA:1,(anonymous_2)
DA:1,1
DA:4,1
DA:6,1
DA:7,1
DA:8,1
DA:9,2
DA:10,4
DA:14,1
LF:8
LH:8
BRF:0
BRH:0
end_of_record
TN:
SF:D:\shixin\Big-Monster\source\data-structure\src\two-array\index.ts
FN:2,(anonymous_1)
FN:7,TwoDimensionArray
FN:22,(anonymous_3)
FN:22,(anonymous_4)
FN:30,(anonymous_5)
FN:34,(anonymous_6)
FN:38,(anonymous_7)
FNF:7
FNH:4
FNDA:1,(anonymous_1)
FNDA:1,TwoDimensionArray
FNDA:1,(anonymous_3)
FNDA:0,(anonymous_4)
FNDA:1,(anonymous_5)
FNDA:0,(anonymous_6)
FNDA:0,(anonymous_7)
DA:1,1
DA:2,1
DA:6,1
DA:7,1
DA:8,1
DA:9,1
DA:10,1
DA:11,1
DA:12,1
DA:13,1
DA:14,1
DA:15,10
DA:17,1
DA:18,10
DA:22,1
DA:23,1
DA:24,10
DA:25,100
DA:30,1
DA:31,1
DA:34,1
DA:35,0
DA:38,1
DA:39,0
DA:41,1
LF:25
LH:23
BRDA:7,0,0,0
BRDA:7,0,1,1
BRDA:7,1,0,0
BRDA:7,1,1,1
BRDA:7,2,0,0
BRDA:7,2,1,1
BRDA:22,3,0,0
BRDA:22,3,1,1
BRDA:22,4,0,0
BRDA:22,4,1,0
BRDA:25,5,0,100
BRDA:25,5,1,100
BRF:12
BRH:6
end_of_record
TN:
SF:D:\shixin\Big-Monster\source\data-structure\utils\tools.ts
FN:10,arrayDeepClone
FNF:1
FNH:1
FNDA:11,arrayDeepClone
DA:10,12
DA:11,11
DA:12,11
DA:13,110
DA:14,110
DA:15,110
DA:16,10
DA:17,10
DA:18,10
DA:19,0
DA:20,0
DA:22,0
DA:23,0
DA:25,10
DA:27,100
DA:31,11
LF:16
LH:12
BRDA:10,0,0,1
BRDA:10,0,1,10
BRDA:13,1,0,110
BRDA:13,1,1,0
BRDA:15,2,0,10
BRDA:15,2,1,100
BRDA:15,3,0,110
BRDA:15,3,1,10
BRDA:17,4,0,10
BRDA:17,4,1,0
BRDA:19,5,0,0
BRDA:19,5,1,0
BRF:12
BRH:8
end_of_record
