TN:
SF:D:\shixin\Big-Monster\source\data-structure\utils\tools.ts
FN:10,deepClone
FNF:1
FNH:1
FNDA:10,deepClone
DA:10,16
DA:11,10
DA:12,10
DA:13,10
DA:15,10
DA:16,7
DA:17,5
DA:18,2
DA:19,2
DA:21,7
DA:22,17
DA:23,17
DA:24,17
DA:25,4
DA:26,4
DA:27,3
DA:28,1
DA:29,1
DA:31,0
DA:32,0
DA:34,4
DA:36,13
DA:41,3
DA:43,10
LF:24
LH:22
BRDA:10,0,0,6
BRDA:10,0,1,4
BRDA:15,1,0,7
BRDA:15,1,1,3
BRDA:15,2,0,10
BRDA:15,2,1,7
BRDA:16,3,0,5
BRDA:16,3,1,2
BRDA:17,4,0,5
BRDA:17,4,1,2
BRDA:18,5,0,2
BRDA:18,5,1,0
BRDA:19,6,0,2
BRDA:19,6,1,1
BRDA:22,7,0,17
BRDA:22,7,1,0
BRDA:24,8,0,4
BRDA:24,8,1,13
BRDA:24,9,0,17
BRDA:24,9,1,4
BRDA:26,10,0,3
BRDA:26,10,1,1
BRDA:28,11,0,1
BRDA:28,11,1,0
BRF:24
BRH:21
end_of_record
